<?xml version="1.0" encoding="UTF-8" ?>
<testsuite tests="13" failures="0" name="runner.TestRunner" time="0.002" errors="0" skipped="0">
  <properties>
[...]
</properties>
  <testcase classname="Scenario: Adding a place and verifying it" name="Given the environment URL" time="0.001"/>
  <testcase classname="Scenario: Adding a place and verifying it" name="When header values are passed" time="0"/>
  <testcase classname="Scenario: Adding a place and verifying it" name="And query parameters are passed" time="0"/>
  <testcase classname="Scenario: Adding a place and verifying it" name="And payload is passed with the expected values" time="0"/>
  <testcase classname="Scenario: Adding a place and verifying it" name="And pass the &quot;post&quot; resource name" time="0"/>
  <testcase classname="Scenario: Adding a place and verifying it" name="Then validate the status as &quot;200&quot;" time="0"/>
  <testcase classname="Scenario: Adding a place and verifying it" name="And retrieve the &quot;place_id&quot; value" time="0"/>
  <testcase classname="Scenario: Adding a place and verifying it" name="Given the environment URL" time="0"/>
  <testcase classname="Scenario: Adding a place and verifying it" name="And query parameters are passed" time="0"/>
  <testcase classname="Scenario: Adding a place and verifying it" name="And pass the &quot;get&quot; resource name passed" time="0"/>
  <testcase classname="Scenario: Adding a place and verifying it" name="Then validate the status as &quot;200&quot;" time="0"/>
  <testcase classname="Scenario: Adding a place and verifying it" name="And verify name in post and get are same" time="0"/>
  <testcase classname="Scenario: Adding a place and verifying it" name="Scenario: Adding a place and verifying it" time="0.001"/>
</testsuite>